Build started 10/20/2014 3:53:03 PM.
     1>Project "\\banner.main.ad.rit.edu\students\ans2799\IGMProfile\Desktop\CastleOGL\CastleOGL\CastleOGL.vcxproj" on node 2 (Build target(s)).
     1>ClCompile:
         C:\Program Files (x86)\Microsoft Visual Studio 12.0\VC\bin\CL.exe /c /ZI /nologo /W3 /WX- /sdl /Od /Oy- /D _MBCS /Gm /EHsc /RTC1 /MDd /GS /fp:precise /Zc:wchar_t /Zc:forScope /Fo"Debug\\" /Fd"Debug\vc120.pdb" /Gd /TP /analyze- /errorReport:prompt Main.cpp
         Main.cpp
     1>\\banner.main.ad.rit.edu\students\ans2799\igmprofile\desktop\castleogl\castleogl\main.cpp(139): warning C4305: 'argument' : truncation from 'double' to 'GLclampf'
     1>\\banner.main.ad.rit.edu\students\ans2799\igmprofile\desktop\castleogl\castleogl\main.cpp(150): warning C4305: 'argument' : truncation from 'double' to 'float'
     1>\\banner.main.ad.rit.edu\students\ans2799\igmprofile\desktop\castleogl\castleogl\main.cpp(152): warning C4305: 'argument' : truncation from 'double' to 'float'
     1>\\banner.main.ad.rit.edu\students\ans2799\igmprofile\desktop\castleogl\castleogl\main.cpp(154): warning C4305: 'argument' : truncation from 'double' to 'float'
       Link:
         C:\Program Files (x86)\Microsoft Visual Studio 12.0\VC\bin\link.exe /ERRORREPORT:PROMPT /OUT:"\\banner.main.ad.rit.edu\students\ans2799\IGMProfile\Desktop\CastleOGL\Debug\CastleOGL.exe" /INCREMENTAL /NOLOGO opengl32.lib glu32.lib glew32.lib glfw3.lib kernel32.lib user32.lib gdi32.lib winspool.lib comdlg32.lib advapi32.lib shell32.lib ole32.lib oleaut32.lib uuid.lib odbc32.lib odbccp32.lib /MANIFEST /MANIFESTUAC:"level='asInvoker' uiAccess='false'" /manifest:embed /DEBUG /PDB:"\\banner.main.ad.rit.edu\students\ans2799\IGMProfile\Desktop\CastleOGL\Debug\CastleOGL.pdb" /TLBID:1 /DYNAMICBASE /NXCOMPAT /IMPLIB:"\\banner.main.ad.rit.edu\students\ans2799\IGMProfile\Desktop\CastleOGL\Debug\CastleOGL.lib" /MACHINE:X86 Debug\Camera.obj
         Debug\Cone.obj
         Debug\Cube.obj
         Debug\Cylinder.obj
         Debug\Main.obj
         Debug\Mesh.obj
         Debug\Shader.obj
         Debug\shaderProgram.obj
         Debug\Sphere.obj
         Debug\Torus.obj
         Debug\VertexBufferObject.obj
         CastleOGL.vcxproj -> \\banner.main.ad.rit.edu\students\ans2799\IGMProfile\Desktop\CastleOGL\Debug\CastleOGL.exe
     1>Done Building Project "\\banner.main.ad.rit.edu\students\ans2799\IGMProfile\Desktop\CastleOGL\CastleOGL\CastleOGL.vcxproj" (Build target(s)).

Build succeeded.

Time Elapsed 00:00:03.04
