e:\desktop\castleogl\castleogl\debug\vc120.pdb
e:\desktop\castleogl\castleogl\debug\vc120.idb
e:\desktop\castleogl\castleogl\debug\cone.obj
e:\desktop\castleogl\castleogl\debug\cube.obj
e:\desktop\castleogl\castleogl\debug\cylinder.obj
e:\desktop\castleogl\castleogl\debug\light.obj
e:\desktop\castleogl\castleogl\debug\main.obj
e:\desktop\castleogl\castleogl\debug\mesh.obj
e:\desktop\castleogl\castleogl\debug\shader.obj
e:\desktop\castleogl\castleogl\debug\sphere.obj
e:\desktop\castleogl\castleogl\debug\torus.obj
e:\desktop\castleogl\castleogl\debug\vertexbufferobject.obj
e:\desktop\castleogl\castleogl\debug\window.obj
e:\desktop\castleogl\castleogl\debug\shaderprogram.obj
e:\desktop\castleogl\castleogl\debug\camera.obj
e:\desktop\castleogl\castleogl\debug\inputhandler.obj
e:\desktop\castleogl\castleogl\debug\game.obj
\\banner.main.ad.rit.edu\students\ans2799\igmprofile\desktop\castleogl\castleogl\debug\vc120.pdb
\\banner.main.ad.rit.edu\students\ans2799\igmprofile\desktop\castleogl\castleogl\debug\vc120.idb
\\banner.main.ad.rit.edu\students\ans2799\igmprofile\desktop\castleogl\castleogl\debug\camera.obj
\\banner.main.ad.rit.edu\students\ans2799\igmprofile\desktop\castleogl\castleogl\debug\cone.obj
\\banner.main.ad.rit.edu\students\ans2799\igmprofile\desktop\castleogl\castleogl\debug\cube.obj
\\banner.main.ad.rit.edu\students\ans2799\igmprofile\desktop\castleogl\castleogl\debug\cylinder.obj
\\banner.main.ad.rit.edu\students\ans2799\igmprofile\desktop\castleogl\castleogl\debug\game.obj
\\banner.main.ad.rit.edu\students\ans2799\igmprofile\desktop\castleogl\castleogl\debug\inputhandler.obj
\\banner.main.ad.rit.edu\students\ans2799\igmprofile\desktop\castleogl\castleogl\debug\light.obj
\\banner.main.ad.rit.edu\students\ans2799\igmprofile\desktop\castleogl\castleogl\debug\main.obj
\\banner.main.ad.rit.edu\students\ans2799\igmprofile\desktop\castleogl\castleogl\debug\mesh.obj
\\banner.main.ad.rit.edu\students\ans2799\igmprofile\desktop\castleogl\castleogl\debug\shader.obj
\\banner.main.ad.rit.edu\students\ans2799\igmprofile\desktop\castleogl\castleogl\debug\sphere.obj
\\banner.main.ad.rit.edu\students\ans2799\igmprofile\desktop\castleogl\castleogl\debug\torus.obj
\\banner.main.ad.rit.edu\students\ans2799\igmprofile\desktop\castleogl\castleogl\debug\vertexbufferobject.obj
\\banner.main.ad.rit.edu\students\ans2799\igmprofile\desktop\castleogl\castleogl\debug\window.obj
e:\desktop\castleogl\debug\castleogl.ilk
e:\desktop\castleogl\debug\castleogl.exe
e:\desktop\castleogl\debug\castleogl.pdb
\\banner.main.ad.rit.edu\students\ans2799\igmprofile\desktop\castleogl\debug\castleogl.ilk
\\banner.main.ad.rit.edu\students\ans2799\igmprofile\desktop\castleogl\debug\castleogl.exe
\\banner.main.ad.rit.edu\students\ans2799\igmprofile\desktop\castleogl\debug\castleogl.pdb
\\banner.main.ad.rit.edu\students\ans2799\igmprofile\desktop\castleogl\castleogl\debug\shaderprogram.obj
\\banner.main.ad.rit.edu\students\ans2799\igmprofile\desktop\castleogl\castleogl\debug\castleogl.tlog\cl.command.1.tlog
\\banner.main.ad.rit.edu\students\ans2799\igmprofile\desktop\castleogl\castleogl\debug\castleogl.tlog\cl.read.1.tlog
\\banner.main.ad.rit.edu\students\ans2799\igmprofile\desktop\castleogl\castleogl\debug\castleogl.tlog\cl.write.1.tlog
\\banner.main.ad.rit.edu\students\ans2799\igmprofile\desktop\castleogl\castleogl\debug\castleogl.tlog\link.command.1.tlog
\\banner.main.ad.rit.edu\students\ans2799\igmprofile\desktop\castleogl\castleogl\debug\castleogl.tlog\link.read.1.tlog
\\banner.main.ad.rit.edu\students\ans2799\igmprofile\desktop\castleogl\castleogl\debug\castleogl.tlog\link.write.1.tlog
